# JRE version: OpenJDK Runtime Environment (8.0_212-b04) (build 1.8.0_212-release-1586-b04)
# Java VM: OpenJDK 64-Bit Server VM (25.212-b04 mixed mode windows-amd64 compressed oops)
Heap:
 PSYoungGen      total 269312K, used 141189K [0x00000000e0000000, 0x00000000f1700000, 0x0000000100000000)
  eden space 254976K, 55% used [0x00000000e0000000,0x00000000e89e1478,0x00000000ef900000)
  from space 14336K, 0% used [0x00000000f0900000,0x00000000f0900000,0x00000000f1700000)
  to   space 15360K, 0% used [0x00000000ef900000,0x00000000ef900000,0x00000000f0800000)
 ParOldGen       total 68096K, used 17577K [0x00000000a0000000, 0x00000000a4280000, 0x00000000e0000000)
  object space 68096K, 25% used [0x00000000a0000000,0x00000000a112a798,0x00000000a4280000)
 Metaspace       used 47862K, capacity 49148K, committed 49280K, reserved 1091584K
  class space    used 6394K, capacity 6749K, committed 6784K, reserved 1048576K
GC Heap History (10 events):
Event: 40.514 GC heap before
{Heap before GC invocations=6 (full 0):
 PSYoungGen      total 71680K, used 6204K [0x00000000e0000000, 0x00000000e9c00000, 0x0000000100000000)
  eden space 66560K, 1% used [0x00000000e0000000,0x00000000e0112300,0x00000000e4100000)
  from space 5120K, 99% used [0x00000000e4100000,0x00000000e45fd040,0x00000000e4600000)
  to   space 13312K, 0% used [0x00000000e8f00000,0x00000000e8f00000,0x00000000e9c00000)
 ParOldGen       total 87552K, used 11134K [0x00000000a0000000, 0x00000000a5580000, 0x00000000e0000000)
  object space 87552K, 12% used [0x00000000a0000000,0x00000000a0adf860,0x00000000a5580000)
 Metaspace       used 20655K, capacity 21162K, committed 21296K, reserved 1067008K
  class space    used 2973K, capacity 3129K, committed 3200K, reserved 1048576K
Event: 40.571 GC heap after
Heap after GC invocations=6 (full 0):
 PSYoungGen      total 145408K, used 5108K [0x00000000e0000000, 0x00000000e9b00000, 0x0000000100000000)
  eden space 133120K, 0% used [0x00000000e0000000,0x00000000e0000000,0x00000000e8200000)
  from space 12288K, 41% used [0x00000000e8f00000,0x00000000e93fd040,0x00000000e9b00000)
  to   space 12800K, 0% used [0x00000000e8200000,0x00000000e8200000,0x00000000e8e80000)
 ParOldGen       total 87552K, used 11142K [0x00000000a0000000, 0x00000000a5580000, 0x00000000e0000000)
  object space 87552K, 12% used [0x00000000a0000000,0x00000000a0ae1860,0x00000000a5580000)
 Metaspace       used 20655K, capacity 21162K, committed 21296K, reserved 1067008K
  class space    used 2973K, capacity 3129K, committed 3200K, reserved 1048576K
}
Event: 40.571 GC heap before
{Heap before GC invocations=7 (full 1):
 PSYoungGen      total 145408K, used 5108K [0x00000000e0000000, 0x00000000e9b00000, 0x0000000100000000)
  eden space 133120K, 0% used [0x00000000e0000000,0x00000000e0000000,0x00000000e8200000)
  from space 12288K, 41% used [0x00000000e8f00000,0x00000000e93fd040,0x00000000e9b00000)
  to   space 12800K, 0% used [0x00000000e8200000,0x00000000e8200000,0x00000000e8e80000)
 ParOldGen       total 87552K, used 11142K [0x00000000a0000000, 0x00000000a5580000, 0x00000000e0000000)
  object space 87552K, 12% used [0x00000000a0000000,0x00000000a0ae1860,0x00000000a5580000)
 Metaspace       used 20655K, capacity 21162K, committed 21296K, reserved 1067008K
  class space    used 2973K, capacity 3129K, committed 3200K, reserved 1048576K
Event: 40.937 GC heap after
Heap after GC invocations=7 (full 1):
 PSYoungGen      total 145408K, used 0K [0x00000000e0000000, 0x00000000e9b00000, 0x0000000100000000)
  eden space 133120K, 0% used [0x00000000e0000000,0x00000000e0000000,0x00000000e8200000)
  from space 12288K, 0% used [0x00000000e8f00000,0x00000000e8f00000,0x00000000e9b00000)
  to   space 12800K, 0% used [0x00000000e8200000,0x00000000e8200000,0x00000000e8e80000)
 ParOldGen       total 49664K, used 7346K [0x00000000a0000000, 0x00000000a3080000, 0x00000000e0000000)
  object space 49664K, 14% used [0x00000000a0000000,0x00000000a072cba0,0x00000000a3080000)
 Metaspace       used 20655K, capacity 21162K, committed 21296K, reserved 1067008K
  class space    used 2973K, capacity 3129K, committed 3200K, reserved 1048576K
}
Event: 61.260 GC heap before
{Heap before GC invocations=8 (full 1):
 PSYoungGen      total 145408K, used 133120K [0x00000000e0000000, 0x00000000e9b00000, 0x0000000100000000)
  eden space 133120K, 100% used [0x00000000e0000000,0x00000000e8200000,0x00000000e8200000)
  from space 12288K, 0% used [0x00000000e8f00000,0x00000000e8f00000,0x00000000e9b00000)
  to   space 12800K, 0% used [0x00000000e8200000,0x00000000e8200000,0x00000000e8e80000)
 ParOldGen       total 49664K, used 7346K [0x00000000a0000000, 0x00000000a3080000, 0x00000000e0000000)
  object space 49664K, 14% used [0x00000000a0000000,0x00000000a072cba0,0x00000000a3080000)
 Metaspace       used 32131K, capacity 32716K, committed 33024K, reserved 1077248K
  class space    used 4402K, capacity 4587K, committed 4608K, reserved 1048576K
Event: 61.371 GC heap after
Heap after GC invocations=8 (full 1):
 PSYoungGen      total 145920K, used 12792K [0x00000000e0000000, 0x00000000f1780000, 0x0000000100000000)
  eden space 133120K, 0% used [0x00000000e0000000,0x00000000e0000000,0x00000000e8200000)
  from space 12800K, 99% used [0x00000000e8200000,0x00000000e8e7e130,0x00000000e8e80000)
  to   space 14848K, 0% used [0x00000000f0900000,0x00000000f0900000,0x00000000f1780000)
 ParOldGen       total 49664K, used 7407K [0x00000000a0000000, 0x00000000a3080000, 0x00000000e0000000)
  object space 49664K, 14% used [0x00000000a0000000,0x00000000a073bc98,0x00000000a3080000)
 Metaspace       used 32131K, capacity 32716K, committed 33024K, reserved 1077248K
  class space    used 4402K, capacity 4587K, committed 4608K, reserved 1048576K
}
Event: 74.013 GC heap before
{Heap before GC invocations=9 (full 1):
 PSYoungGen      total 145920K, used 74062K [0x00000000e0000000, 0x00000000f1780000, 0x0000000100000000)
  eden space 133120K, 46% used [0x00000000e0000000,0x00000000e3bd5828,0x00000000e8200000)
  from space 12800K, 99% used [0x00000000e8200000,0x00000000e8e7e130,0x00000000e8e80000)
  to   space 14848K, 0% used [0x00000000f0900000,0x00000000f0900000,0x00000000f1780000)
 ParOldGen       total 49664K, used 7407K [0x00000000a0000000, 0x00000000a3080000, 0x00000000e0000000)
  object space 49664K, 14% used [0x00000000a0000000,0x00000000a073bc98,0x00000000a3080000)
 Metaspace       used 34679K, capacity 35406K, committed 35456K, reserved 1079296K
  class space    used 4753K, capacity 4956K, committed 4992K, reserved 1048576K
Event: 74.593 GC heap after
Heap after GC invocations=9 (full 1):
 PSYoungGen      total 269312K, used 10704K [0x00000000e0000000, 0x00000000f1700000, 0x0000000100000000)
  eden space 254976K, 0% used [0x00000000e0000000,0x00000000e0000000,0x00000000ef900000)
  from space 14336K, 74% used [0x00000000f0900000,0x00000000f1374008,0x00000000f1700000)
  to   space 15360K, 0% used [0x00000000ef900000,0x00000000ef900000,0x00000000f0800000)
 ParOldGen       total 49664K, used 7415K [0x00000000a0000000, 0x00000000a3080000, 0x00000000e0000000)
  object space 49664K, 14% used [0x00000000a0000000,0x00000000a073dc98,0x00000000a3080000)
 Metaspace       used 34679K, capacity 35406K, committed 35456K, reserved 1079296K
  class space    used 4753K, capacity 4956K, committed 4992K, reserved 1048576K
}
Event: 74.593 GC heap before
{Heap before GC invocations=10 (full 2):
 PSYoungGen      total 269312K, used 10704K [0x00000000e0000000, 0x00000000f1700000, 0x0000000100000000)
  eden space 254976K, 0% used [0x00000000e0000000,0x00000000e0000000,0x00000000ef900000)
  from space 14336K, 74% used [0x00000000f0900000,0x00000000f1374008,0x00000000f1700000)
  to   space 15360K, 0% used [0x00000000ef900000,0x00000000ef900000,0x00000000f0800000)
 ParOldGen       total 49664K, used 7415K [0x00000000a0000000, 0x00000000a3080000, 0x00000000e0000000)
  object space 49664K, 14% used [0x00000000a0000000,0x00000000a073dc98,0x00000000a3080000)
 Metaspace       used 34679K, capacity 35406K, committed 35456K, reserved 1079296K
  class space    used 4753K, capacity 4956K, committed 4992K, reserved 1048576K
Event: 76.366 GC heap after
Heap after GC invocations=10 (full 2):
 PSYoungGen      total 269312K, used 0K [0x00000000e0000000, 0x00000000f1700000, 0x0000000100000000)
  eden space 254976K, 0% used [0x00000000e0000000,0x00000000e0000000,0x00000000ef900000)
  from space 14336K, 0% used [0x00000000f0900000,0x00000000f0900000,0x00000000f1700000)
  to   space 15360K, 0% used [0x00000000ef900000,0x00000000ef900000,0x00000000f0800000)
 ParOldGen       total 68096K, used 17577K [0x00000000a0000000, 0x00000000a4280000, 0x00000000e0000000)
  object space 68096K, 25% used [0x00000000a0000000,0x00000000a112a798,0x00000000a4280000)
 Metaspace       used 34675K, capacity 35394K, committed 35456K, reserved 1079296K
  class space    used 4752K, capacity 4954K, committed 4992K, reserved 1048576K
}

